.====================================================================.
                                                                      
 .d8888b.   .o8888b.   db  .d8888b.  d8888b. d88888b d8888b.  .d888b. 
.8P    Y8. d8P    Y8   88 .8P    Y8. 88  `8D 88'     88  `8D .8P , Y8.
88      88 8P      oooo88 88      88 88oooY' 88oooo  88oobY' 88  |  88
88      88 8b      ~~~~88 88      88 88~~~b. 88~~~~  88`8b   88  |/ 88
`8b    d8' Y8b    d8   88 `8b    d8' 88   8D 88.     88 `88. `8b | d8'
 `Y8888P'   `Y8888P'   YP  `Y8888P'  Y8888P' Y88888P 88   YD  `Y888P' 
                                                                      
`========================== INSTALLATION LOG ========================'

[2017/05/26 10:06:53] Host: Linux tinhngo-B85M-D3H 4.4.0-45-generic #66-Ubuntu SMP Wed Oct 19 14:12:37 UTC 2016 x86_64
[2017/05/26 10:06:53] PHP version: 7.0.9
[2017/05/26 10:06:53] Server software: Apache/2.4.23 (Unix) OpenSSL/1.0.2j PHP/7.0.9 mod_perl/2.0.8-dev Perl/v5.16.3
[2017/05/26 10:06:53] Operating system: Linux
[2017/05/26 10:06:53] Memory limit: 128M
[2017/05/26 10:06:53] Max execution time: 3600
.============================ POST REQUEST ==========================.
[2017/05/26 10:06:53] Postback payload: Array
(
    [code] => phpVersion
    [handler] => onCheckRequirement
)

[2017/05/26 10:06:53] System check: phpVersion
[2017/05/26 10:06:53] Requirement phpVersion +OK
[2017/05/26 10:06:53] Execute handler (onCheckRequirement): Array
(
    [result] => 1
)

.============================ POST REQUEST ==========================.
[2017/05/26 10:06:54] Postback payload: Array
(
    [code] => curlLibrary
    [handler] => onCheckRequirement
)

[2017/05/26 10:06:54] System check: curlLibrary
[2017/05/26 10:06:54] Requirement curlLibrary +OK
[2017/05/26 10:06:54] Execute handler (onCheckRequirement): Array
(
    [result] => 1
)

.============================ POST REQUEST ==========================.
[2017/05/26 10:06:54] Postback payload: Array
(
    [code] => liveConnection
    [handler] => onCheckRequirement
)

[2017/05/26 10:06:54] System check: liveConnection
[2017/05/26 10:06:55] Server request: ping
[2017/05/26 10:06:55] Request information: Array
(
    [url] => http://octobercms.com/api/ping
    [content_type] => application/json
    [http_code] => 200
    [header_size] => 779
    [request_size] => 157
    [filetime] => -1
    [ssl_verify_result] => 0
    [redirect_count] => 0
    [total_time] => 0.490979
    [namelookup_time] => 0.003578
    [connect_time] => 0.033751
    [pretransfer_time] => 0.033799
    [size_upload] => 26
    [size_download] => 14
    [speed_download] => 28
    [speed_upload] => 52
    [download_content_length] => 14
    [upload_content_length] => 26
    [starttransfer_time] => 0.490935
    [redirect_time] => 0
    [redirect_url] => 
    [primary_ip] => 104.24.113.12
    [certinfo] => Array
        (
        )

    [primary_port] => 80
    [local_ip] => 192.168.9.121
    [local_port] => 57700
)

[2017/05/26 10:06:55] Requirement liveConnection +OK
[2017/05/26 10:06:55] Execute handler (onCheckRequirement): Array
(
    [result] => 1
)

.============================ POST REQUEST ==========================.
[2017/05/26 10:06:55] Postback payload: Array
(
    [code] => writePermission
    [handler] => onCheckRequirement
)

[2017/05/26 10:06:55] System check: writePermission
[2017/05/26 10:06:55] Requirement writePermission +OK
[2017/05/26 10:06:55] Execute handler (onCheckRequirement): Array
(
    [result] => 1
)

.============================ POST REQUEST ==========================.
[2017/05/26 10:06:56] Postback payload: Array
(
    [code] => pdoLibrary
    [handler] => onCheckRequirement
)

[2017/05/26 10:06:56] System check: pdoLibrary
[2017/05/26 10:06:56] Requirement pdoLibrary +OK
[2017/05/26 10:06:56] Execute handler (onCheckRequirement): Array
(
    [result] => 1
)

.============================ POST REQUEST ==========================.
[2017/05/26 10:06:56] Postback payload: Array
(
    [code] => mbstringLibrary
    [handler] => onCheckRequirement
)

[2017/05/26 10:06:56] System check: mbstringLibrary
[2017/05/26 10:06:56] Requirement mbstringLibrary +OK
[2017/05/26 10:06:56] Execute handler (onCheckRequirement): Array
(
    [result] => 1
)

.============================ POST REQUEST ==========================.
[2017/05/26 10:06:57] Postback payload: Array
(
    [code] => sslLibrary
    [handler] => onCheckRequirement
)

[2017/05/26 10:06:57] System check: sslLibrary
[2017/05/26 10:06:57] Requirement sslLibrary +OK
[2017/05/26 10:06:57] Execute handler (onCheckRequirement): Array
(
    [result] => 1
)

.============================ POST REQUEST ==========================.
[2017/05/26 10:06:57] Postback payload: Array
(
    [code] => zipLibrary
    [handler] => onCheckRequirement
)

[2017/05/26 10:06:57] System check: zipLibrary
[2017/05/26 10:06:57] Requirement zipLibrary +OK
[2017/05/26 10:06:57] Execute handler (onCheckRequirement): Array
(
    [result] => 1
)

.============================ POST REQUEST ==========================.
[2017/05/26 10:06:58] Postback payload: Array
(
    [code] => gdLibrary
    [handler] => onCheckRequirement
)

[2017/05/26 10:06:58] System check: gdLibrary
[2017/05/26 10:06:58] Requirement gdLibrary +OK
[2017/05/26 10:06:58] Execute handler (onCheckRequirement): Array
(
    [result] => 1
)

.============================ POST REQUEST ==========================.
[2017/05/26 10:07:22] Postback payload: Array
(
    [db_type] => mysql
    [db_host] => localhost
    [db_port] => 
    [db_name] => whatsonsaigon
    [db_user] => root
    [db_pass] => *******
    [admin_first_name] => Admin
    [admin_last_name] => Person
    [admin_email] => *******@*****.com
    [admin_login] => admin
    [admin_password] => *******
    [admin_confirm_password] => *******
    [backend_uri] => /backend
    [encryption_code] => *******
    [file_mask] => 777
    [folder_mask] => 777
    [handler] => onValidateDatabase
)

[2017/05/26 10:07:22] Handler error (onValidateDatabase): Database "whatsonsaigon" is not empty. Please empty the database or specify another database.
[2017/05/26 10:07:22] Trace log:
#0 /opt/lampp/htdocs/whatsonsaigon/install_files/php/Installer.php(48): Installer->onValidateDatabase()
#1 /opt/lampp/htdocs/whatsonsaigon/install_files/php/boot.php(74): Installer->__construct()
#2 /opt/lampp/htdocs/whatsonsaigon/install.php(1): include('/opt/lampp/htdo...')
#3 {main}
.============================ POST REQUEST ==========================.
[2017/05/26 10:07:49] Postback payload: Array
(
    [db_type] => mysql
    [db_host] => localhost
    [db_port] => 
    [db_name] => whatsonsaigon_tmp
    [db_user] => root
    [db_pass] => *******
    [admin_first_name] => Admin
    [admin_last_name] => Person
    [admin_email] => *******@*****.com
    [admin_login] => admin
    [admin_password] => *******
    [admin_confirm_password] => *******
    [backend_uri] => /backend
    [encryption_code] => *******
    [file_mask] => 777
    [folder_mask] => 777
    [handler] => onValidateDatabase
)

.============================ POST REQUEST ==========================.
[2017/05/26 10:07:49] Postback payload: Array
(
    [db_type] => mysql
    [db_host] => localhost
    [db_port] => 
    [db_name] => whatsonsaigon_tmp
    [db_user] => root
    [db_pass] => *******
    [admin_first_name] => Admin
    [admin_last_name] => Person
    [admin_email] => *******@*****.com
    [admin_login] => admin
    [admin_password] => *******
    [admin_confirm_password] => *******
    [backend_uri] => /backend
    [encryption_code] => *******
    [file_mask] => 777
    [folder_mask] => 777
    [handler] => onValidateAdminAccount
)

[2017/05/26 10:07:49] Handler error (onValidateAdminAccount): Please specify password
[2017/05/26 10:07:49] Trace log:
#0 /opt/lampp/htdocs/whatsonsaigon/install_files/php/Installer.php(48): Installer->onValidateAdminAccount()
#1 /opt/lampp/htdocs/whatsonsaigon/install_files/php/boot.php(74): Installer->__construct()
#2 /opt/lampp/htdocs/whatsonsaigon/install.php(1): include('/opt/lampp/htdo...')
#3 {main}
.============================ POST REQUEST ==========================.
[2017/05/26 10:07:55] Postback payload: Array
(
    [db_type] => mysql
    [db_host] => localhost
    [db_port] => 
    [db_name] => whatsonsaigon_tmp
    [db_user] => root
    [db_pass] => *******
    [admin_first_name] => Admin
    [admin_last_name] => Person
    [admin_email] => *******@*****.com
    [admin_login] => admin
    [admin_password] => *******
    [admin_confirm_password] => *******
    [backend_uri] => /backend
    [encryption_code] => *******
    [file_mask] => 777
    [folder_mask] => 777
    [handler] => onValidateDatabase
)

.============================ POST REQUEST ==========================.
[2017/05/26 10:07:55] Postback payload: Array
(
    [db_type] => mysql
    [db_host] => localhost
    [db_port] => 
    [db_name] => whatsonsaigon_tmp
    [db_user] => root
    [db_pass] => *******
    [admin_first_name] => Admin
    [admin_last_name] => Person
    [admin_email] => *******@*****.com
    [admin_login] => admin
    [admin_password] => *******
    [admin_confirm_password] => *******
    [backend_uri] => /backend
    [encryption_code] => *******
    [file_mask] => 777
    [folder_mask] => 777
    [handler] => onValidateAdminAccount
)

.============================ POST REQUEST ==========================.
[2017/05/26 10:07:55] Postback payload: Array
(
    [db_type] => mysql
    [db_host] => localhost
    [db_port] => 
    [db_name] => whatsonsaigon_tmp
    [db_user] => root
    [db_pass] => *******
    [admin_first_name] => Admin
    [admin_last_name] => Person
    [admin_email] => *******@*****.com
    [admin_login] => admin
    [admin_password] => *******
    [admin_confirm_password] => *******
    [backend_uri] => /backend
    [encryption_code] => *******
    [file_mask] => 777
    [folder_mask] => 777
    [handler] => onValidateAdvancedConfig
)

.============================ POST REQUEST ==========================.
[2017/05/26 10:07:57] Postback payload: Array
(
    [step] => getMetaData
    [meta] => 
    [handler] => onInstallStep
)

[2017/05/26 10:07:57] Install step: getMetaData
[2017/05/26 10:07:58] Server request: core/install
[2017/05/26 10:07:58] Request information: Array
(
    [url] => http://octobercms.com/api/core/install
    [content_type] => application/json
    [http_code] => 200
    [header_size] => 776
    [request_size] => 165
    [filetime] => -1
    [ssl_verify_result] => 0
    [redirect_count] => 0
    [total_time] => 0.595932
    [namelookup_time] => 0.008472
    [connect_time] => 0.039951
    [pretransfer_time] => 0.040014
    [size_upload] => 26
    [size_download] => 134
    [speed_download] => 224
    [speed_upload] => 43
    [download_content_length] => 134
    [upload_content_length] => 26
    [starttransfer_time] => 0.595894
    [redirect_time] => 0
    [redirect_url] => 
    [primary_ip] => 104.24.112.12
    [certinfo] => Array
        (
        )

    [primary_port] => 80
    [local_ip] => 192.168.9.121
    [local_port] => 58586
)

[2017/05/26 10:07:58] Step getMetaData +OK
[2017/05/26 10:07:58] Execute handler (onInstallStep): Array
(
    [result] => Array
        (
            [core] => Array
                (
                    [hash] => 1fc4f2016fbeaac8d8ab1e772812e978
                    [build] => 419
                    [uhash] => 386846ebe3802c4f192625743abb3f06
                )

            [plugins] => Array
                (
                )

            [themes] => Array
                (
                )

        )

)

.============================ POST REQUEST ==========================.
[2017/05/26 10:07:58] Postback payload: Array
(
    [step] => downloadCore
    [meta] => Array
        (
            [core] => Array
                (
                    [hash] => 1fc4f2016fbeaac8d8ab1e772812e978
                    [build] => 419
                    [uhash] => 386846ebe3802c4f192625743abb3f06
                )

        )

    [handler] => onInstallStep
)

[2017/05/26 10:07:58] Install step: downloadCore
[2017/05/26 10:08:19] Saving to file (core): /opt/lampp/htdocs/whatsonsaigon/install_files/temp/a74ad8dfacd4f985eb3977517615ce25.arc
[2017/05/26 10:08:19] Step downloadCore +OK
[2017/05/26 10:08:19] Execute handler (onInstallStep): Array
(
    [result] => 
)

.============================ POST REQUEST ==========================.
[2017/05/26 10:08:20] Postback payload: Array
(
    [step] => extractCore
    [meta] => Array
        (
            [core] => Array
                (
                    [hash] => 1fc4f2016fbeaac8d8ab1e772812e978
                    [build] => 419
                    [uhash] => 386846ebe3802c4f192625743abb3f06
                )

        )

    [handler] => onInstallStep
)

[2017/05/26 10:08:20] Install step: extractCore
[2017/05/26 10:08:20] Extracting file (core): a74ad8dfacd4f985eb3977517615ce25.arc
[2017/05/26 10:08:21] Step extractCore +OK
[2017/05/26 10:08:21] Execute handler (onInstallStep): Array
(
    [result] => 1
)

.============================ POST REQUEST ==========================.
[2017/05/26 10:08:21] Postback payload: Array
(
    [step] => setupConfig
    [meta] => Array
        (
            [core] => Array
                (
                    [hash] => 1fc4f2016fbeaac8d8ab1e772812e978
                    [build] => 419
                    [uhash] => 386846ebe3802c4f192625743abb3f06
                )

        )

    [db_type] => mysql
    [db_host] => localhost
    [db_port] => 
    [db_name] => whatsonsaigon_tmp
    [db_user] => root
    [db_pass] => *******
    [admin_first_name] => Admin
    [admin_last_name] => Person
    [admin_email] => *******@*****.com
    [admin_login] => admin
    [admin_password] => *******
    [admin_confirm_password] => *******
    [backend_uri] => /backend
    [encryption_code] => *******
    [file_mask] => 777
    [folder_mask] => 777
    [handler] => onInstallStep
)

[2017/05/26 10:08:21] Install step: setupConfig
[2017/05/26 08:08:21] Step setupConfig +OK
[2017/05/26 08:08:21] Execute handler (onInstallStep): Array
(
    [result] => 
)

.============================ POST REQUEST ==========================.
[2017/05/26 10:08:22] Postback payload: Array
(
    [step] => createAdmin
    [meta] => Array
        (
            [core] => Array
                (
                    [hash] => 1fc4f2016fbeaac8d8ab1e772812e978
                    [build] => 419
                    [uhash] => 386846ebe3802c4f192625743abb3f06
                )

        )

    [db_type] => mysql
    [db_host] => localhost
    [db_port] => 
    [db_name] => whatsonsaigon_tmp
    [db_user] => root
    [db_pass] => *******
    [admin_first_name] => Admin
    [admin_last_name] => Person
    [admin_email] => *******@*****.com
    [admin_login] => admin
    [admin_password] => *******
    [admin_confirm_password] => *******
    [backend_uri] => /backend
    [encryption_code] => *******
    [file_mask] => 777
    [folder_mask] => 777
    [handler] => onInstallStep
)

[2017/05/26 10:08:22] Install step: createAdmin
[2017/05/26 08:08:38] Step createAdmin +OK
[2017/05/26 08:08:38] Execute handler (onInstallStep): Array
(
    [result] => 
)

.============================ POST REQUEST ==========================.
[2017/05/26 10:08:39] Postback payload: Array
(
    [disableLog] => 1
)

[2017/05/26 10:08:39] Install step: setupProject
[2017/05/26 10:08:39] Step setupProject +OK
[2017/05/26 10:08:39] Execute handler (onInstallStep): Array
(
    [result] => 
)

.============================ POST REQUEST ==========================.
[2017/05/26 10:08:39] Postback payload: Array
(
    [step] => finishInstall
    [meta] => Array
        (
            [core] => Array
                (
                    [hash] => 1fc4f2016fbeaac8d8ab1e772812e978
                    [build] => 419
                    [uhash] => 386846ebe3802c4f192625743abb3f06
                )

        )

    [hash] => 1fc4f2016fbeaac8d8ab1e772812e978
    [build] => 419
    [uhash] => 386846ebe3802c4f192625743abb3f06
    [handler] => onInstallStep
)

[2017/05/26 10:08:39] Install step: finishInstall
[2017/05/26 08:08:39] Cleaning up file: a74ad8dfacd4f985eb3977517615ce25.arc
[2017/05/26 08:08:39] Step finishInstall +OK
[2017/05/26 08:08:39] Execute handler (onInstallStep): Array
(
    [result] => 
)

